<?xml version="1.0" encoding="UTF-8"?>
<!-- Generated by org.testng.reporters.JUnitReportReporter -->
<testsuite hostname="DESKTOP-RAE1HV7" failures="0" tests="1" name="task_1_171220.SnapDeal" time="39.328" errors="0" timestamp="2020-12-23T08:14:29 IST" skipped="0">
  <testcase classname="task_1_171220.SnapDeal" name="task2" time="39.328"/>
  <system-out/>
</testsuite> <!-- task_1_171220.SnapDeal -->
