<?xml version="1.0" encoding="UTF-8"?>
<!-- Generated by org.testng.reporters.JUnitReportReporter -->
<testsuite hostname="DESKTOP-RAE1HV7" failures="0" tests="1" name="task_1_171220.AmazonIPhone" time="36.133" errors="0" timestamp="2020-12-21T22:40:02 IST" skipped="0">
  <testcase classname="task_1_171220.AmazonIPhone" name="task1" time="36.133"/>
  <system-out/>
</testsuite> <!-- task_1_171220.AmazonIPhone -->
